<?xml version="1.0" encoding="UTF-8"?>
<testsuite name="com.kong.authtest.chatting.service.ChatServiceTest" tests="1" skipped="0" failures="0" errors="0" timestamp="2023-07-20T01:01:44" hostname="DESKTOP-1JVI7QI" time="0.113">
  <properties/>
  <testcase name="testProcessChatMessage()" classname="com.kong.authtest.chatting.service.ChatServiceTest" time="0.113"/>
  <system-out><![CDATA[10:01:32.958 [Test worker] DEBUG org.springframework.test.context.BootstrapUtils - Instantiating CacheAwareContextLoaderDelegate from class [org.springframework.test.context.cache.DefaultCacheAwareContextLoaderDelegate]
10:01:32.972 [Test worker] DEBUG org.springframework.test.context.BootstrapUtils - Instantiating BootstrapContext using constructor [public org.springframework.test.context.support.DefaultBootstrapContext(java.lang.Class,org.springframework.test.context.CacheAwareContextLoaderDelegate)]
10:01:33.014 [Test worker] DEBUG org.springframework.test.context.BootstrapUtils - Instantiating TestContextBootstrapper for test class [com.kong.authtest.chatting.service.ChatServiceTest] from class [org.springframework.boot.test.context.SpringBootTestContextBootstrapper]
10:01:33.030 [Test worker] INFO org.springframework.boot.test.context.SpringBootTestContextBootstrapper - Neither @ContextConfiguration nor @ContextHierarchy found for test class [com.kong.authtest.chatting.service.ChatServiceTest], using SpringBootContextLoader
10:01:33.040 [Test worker] DEBUG org.springframework.test.context.support.AbstractContextLoader - Did not detect default resource location for test class [com.kong.authtest.chatting.service.ChatServiceTest]: class path resource [com/kong/authtest/chatting/service/ChatServiceTest-context.xml] does not exist
10:01:33.041 [Test worker] DEBUG org.springframework.test.context.support.AbstractContextLoader - Did not detect default resource location for test class [com.kong.authtest.chatting.service.ChatServiceTest]: class path resource [com/kong/authtest/chatting/service/ChatServiceTestContext.groovy] does not exist
10:01:33.041 [Test worker] INFO org.springframework.test.context.support.AbstractContextLoader - Could not detect default resource locations for test class [com.kong.authtest.chatting.service.ChatServiceTest]: no resource found for suffixes {-context.xml, Context.groovy}.
10:01:33.044 [Test worker] INFO org.springframework.test.context.support.AnnotationConfigContextLoaderUtils - Could not detect default configuration classes for test class [com.kong.authtest.chatting.service.ChatServiceTest]: ChatServiceTest does not declare any static, non-private, non-final, nested classes annotated with @Configuration.
10:01:33.222 [Test worker] DEBUG org.springframework.context.annotation.ClassPathScanningCandidateComponentProvider - Identified candidate component class: file [C:\Users\SSAFY\IdeaProjects\S09P12C110\backend\build\classes\java\main\com\kong\authtest\AuthTestApplication.class]
10:01:33.223 [Test worker] INFO org.springframework.boot.test.context.SpringBootTestContextBootstrapper - Found @SpringBootConfiguration com.kong.authtest.AuthTestApplication for test class com.kong.authtest.chatting.service.ChatServiceTest
10:01:33.356 [Test worker] DEBUG org.springframework.boot.test.context.SpringBootTestContextBootstrapper - @TestExecutionListeners is not present for class [com.kong.authtest.chatting.service.ChatServiceTest]: using defaults.
10:01:33.358 [Test worker] INFO org.springframework.boot.test.context.SpringBootTestContextBootstrapper - Loaded default TestExecutionListener class names from location [META-INF/spring.factories]: [org.springframework.security.test.context.support.WithSecurityContextTestExecutionListener, org.springframework.security.test.context.support.ReactorContextTestExecutionListener, org.springframework.boot.test.autoconfigure.restdocs.RestDocsTestExecutionListener, org.springframework.boot.test.autoconfigure.web.client.MockRestServiceServerResetTestExecutionListener, org.springframework.boot.test.autoconfigure.web.servlet.MockMvcPrintOnlyOnFailureTestExecutionListener, org.springframework.boot.test.autoconfigure.web.servlet.WebDriverTestExecutionListener, org.springframework.boot.test.autoconfigure.webservices.client.MockWebServiceServerTestExecutionListener, org.springframework.boot.test.mock.mockito.MockitoTestExecutionListener, org.springframework.boot.test.mock.mockito.ResetMocksTestExecutionListener, org.springframework.test.context.web.ServletTestExecutionListener, org.springframework.test.context.support.DirtiesContextBeforeModesTestExecutionListener, org.springframework.test.context.event.ApplicationEventsTestExecutionListener, org.springframework.test.context.support.DependencyInjectionTestExecutionListener, org.springframework.test.context.support.DirtiesContextTestExecutionListener, org.springframework.test.context.transaction.TransactionalTestExecutionListener, org.springframework.test.context.jdbc.SqlScriptsTestExecutionListener, org.springframework.test.context.event.EventPublishingTestExecutionListener]
10:01:33.385 [Test worker] INFO org.springframework.boot.test.context.SpringBootTestContextBootstrapper - Using TestExecutionListeners: [org.springframework.test.context.web.ServletTestExecutionListener@61019f59, org.springframework.test.context.support.DirtiesContextBeforeModesTestExecutionListener@62e8f862, org.springframework.test.context.event.ApplicationEventsTestExecutionListener@26f3d90c, org.springframework.boot.test.mock.mockito.MockitoTestExecutionListener@3c49fab6, org.springframework.boot.test.autoconfigure.SpringBootDependencyInjectionTestExecutionListener@515f4131, org.springframework.test.context.support.DirtiesContextTestExecutionListener@74518890, org.springframework.test.context.transaction.TransactionalTestExecutionListener@4c5204af, org.springframework.test.context.jdbc.SqlScriptsTestExecutionListener@3f3ddbd9, org.springframework.security.test.context.support.WithSecurityContextTestExecutionListener@14c053c6, org.springframework.test.context.event.EventPublishingTestExecutionListener@6c2d4cc6, org.springframework.security.test.context.support.ReactorContextTestExecutionListener@30865a90, org.springframework.boot.test.autoconfigure.restdocs.RestDocsTestExecutionListener@6134ac4a, org.springframework.boot.test.autoconfigure.web.client.MockRestServiceServerResetTestExecutionListener@777c9dc9, org.springframework.boot.test.autoconfigure.web.servlet.MockMvcPrintOnlyOnFailureTestExecutionListener@71b1a49c, org.springframework.boot.test.autoconfigure.web.servlet.WebDriverTestExecutionListener@73e132e0, org.springframework.boot.test.autoconfigure.webservices.client.MockWebServiceServerTestExecutionListener@3773862a, org.springframework.boot.test.mock.mockito.ResetMocksTestExecutionListener@2472c7d8]
10:01:33.390 [Test worker] DEBUG org.springframework.test.context.support.AbstractDirtiesContextTestExecutionListener - Before test class: context [DefaultTestContext@30f4b1a6 testClass = ChatServiceTest, testInstance = [null], testMethod = [null], testException = [null], mergedContextConfiguration = [WebMergedContextConfiguration@405325cf testClass = ChatServiceTest, locations = '{}', classes = '{class com.kong.authtest.AuthTestApplication}', contextInitializerClasses = '[]', activeProfiles = '{test}', propertySourceLocations = '{}', propertySourceProperties = '{org.springframework.boot.test.context.SpringBootTestContextBootstrapper=true}', contextCustomizers = set[org.springframework.boot.test.autoconfigure.actuate.metrics.MetricsExportContextCustomizerFactory$DisableMetricExportContextCustomizer@44828f6b, org.springframework.boot.test.autoconfigure.properties.PropertyMappingContextCustomizer@0, org.springframework.boot.test.autoconfigure.web.servlet.WebDriverContextCustomizerFactory$Customizer@54227100, org.springframework.boot.test.context.filter.ExcludeFilterContextCustomizer@5778826f, org.springframework.boot.test.json.DuplicateJsonObjectContextCustomizerFactory$DuplicateJsonObjectContextCustomizer@1c80e49b, org.springframework.boot.test.mock.mockito.MockitoContextCustomizer@0, org.springframework.boot.test.web.client.TestRestTemplateContextCustomizer@4c51bb7, org.springframework.boot.test.web.reactive.server.WebTestClientContextCustomizer@7d3430a7, org.springframework.boot.test.context.SpringBootTestArgs@1, org.springframework.boot.test.context.SpringBootTestWebEnvironment@6a57ae10], resourceBasePath = 'src/main/webapp', contextLoader = 'org.springframework.boot.test.context.SpringBootContextLoader', parent = [null]], attributes = map['org.springframework.test.context.web.ServletTestExecutionListener.activateListener' -> true]], class annotated with @DirtiesContext [false] with mode [null].

  .   ____          _            __ _ _
 /\\ / ___'_ __ _ _(_)_ __  __ _ \ \ \ \
( ( )\___ | '_ | '_| | '_ \/ _` | \ \ \ \
 \\/  ___)| |_)| | | | | || (_| |  ) ) ) )
  '  |____| .__|_| |_|_| |_\__, | / / / /
 =========|_|==============|___/=/_/_/_/
 :: Spring Boot ::               (v2.7.13)

2023-07-20 10:01:33.914  INFO 2628 --- [    Test worker] c.k.a.chatting.service.ChatServiceTest   : Starting ChatServiceTest using Java 11.0.19 on DESKTOP-1JVI7QI with PID 2628 (started by SSAFY in C:\Users\SSAFY\IdeaProjects\S09P12C110\backend)
2023-07-20 10:01:33.915  INFO 2628 --- [    Test worker] c.k.a.chatting.service.ChatServiceTest   : The following 1 profile is active: "test"
2023-07-20 10:01:34.991  INFO 2628 --- [    Test worker] .s.d.r.c.RepositoryConfigurationDelegate : Multiple Spring Data modules found, entering strict repository configuration mode
2023-07-20 10:01:34.998  INFO 2628 --- [    Test worker] .s.d.r.c.RepositoryConfigurationDelegate : Bootstrapping Spring Data JPA repositories in DEFAULT mode.
2023-07-20 10:01:35.284  INFO 2628 --- [    Test worker] .s.d.r.c.RepositoryConfigurationDelegate : Finished Spring Data repository scanning in 275 ms. Found 6 JPA repository interfaces.
2023-07-20 10:01:35.311  INFO 2628 --- [    Test worker] .s.d.r.c.RepositoryConfigurationDelegate : Multiple Spring Data modules found, entering strict repository configuration mode
2023-07-20 10:01:35.313  INFO 2628 --- [    Test worker] .s.d.r.c.RepositoryConfigurationDelegate : Bootstrapping Spring Data Redis repositories in DEFAULT mode.
2023-07-20 10:01:35.346  INFO 2628 --- [    Test worker] .RepositoryConfigurationExtensionSupport : Spring Data Redis - Could not safely identify store assignment for repository candidate interface com.kong.authtest.comment.repository.CommentRepository; If you want this repository to be a Redis repository, consider annotating your entities with one of these annotations: org.springframework.data.redis.core.RedisHash (preferred), or consider extending one of the following types with your repository: org.springframework.data.keyvalue.repository.KeyValueRepository
2023-07-20 10:01:35.347  INFO 2628 --- [    Test worker] .RepositoryConfigurationExtensionSupport : Spring Data Redis - Could not safely identify store assignment for repository candidate interface com.kong.authtest.images.repository.ImagesRepository; If you want this repository to be a Redis repository, consider annotating your entities with one of these annotations: org.springframework.data.redis.core.RedisHash (preferred), or consider extending one of the following types with your repository: org.springframework.data.keyvalue.repository.KeyValueRepository
2023-07-20 10:01:35.347  INFO 2628 --- [    Test worker] .RepositoryConfigurationExtensionSupport : Spring Data Redis - Could not safely identify store assignment for repository candidate interface com.kong.authtest.share.repository.ShareRepository; If you want this repository to be a Redis repository, consider annotating your entities with one of these annotations: org.springframework.data.redis.core.RedisHash (preferred), or consider extending one of the following types with your repository: org.springframework.data.keyvalue.repository.KeyValueRepository
2023-07-20 10:01:35.348  INFO 2628 --- [    Test worker] .RepositoryConfigurationExtensionSupport : Spring Data Redis - Could not safely identify store assignment for repository candidate interface com.kong.authtest.story.repository.StoryRepository; If you want this repository to be a Redis repository, consider annotating your entities with one of these annotations: org.springframework.data.redis.core.RedisHash (preferred), or consider extending one of the following types with your repository: org.springframework.data.keyvalue.repository.KeyValueRepository
2023-07-20 10:01:35.349  INFO 2628 --- [    Test worker] .RepositoryConfigurationExtensionSupport : Spring Data Redis - Could not safely identify store assignment for repository candidate interface com.kong.authtest.tale.repository.TaleRepository; If you want this repository to be a Redis repository, consider annotating your entities with one of these annotations: org.springframework.data.redis.core.RedisHash (preferred), or consider extending one of the following types with your repository: org.springframework.data.keyvalue.repository.KeyValueRepository
2023-07-20 10:01:35.350  INFO 2628 --- [    Test worker] .RepositoryConfigurationExtensionSupport : Spring Data Redis - Could not safely identify store assignment for repository candidate interface com.kong.authtest.user.repository.UserRepository; If you want this repository to be a Redis repository, consider annotating your entities with one of these annotations: org.springframework.data.redis.core.RedisHash (preferred), or consider extending one of the following types with your repository: org.springframework.data.keyvalue.repository.KeyValueRepository
2023-07-20 10:01:35.350  INFO 2628 --- [    Test worker] .s.d.r.c.RepositoryConfigurationDelegate : Finished Spring Data repository scanning in 27 ms. Found 0 Redis repository interfaces.
2023-07-20 10:01:36.466  INFO 2628 --- [    Test worker] o.hibernate.jpa.internal.util.LogHelper  : HHH000204: Processing PersistenceUnitInfo [name: default]
2023-07-20 10:01:36.575  INFO 2628 --- [    Test worker] org.hibernate.Version                    : HHH000412: Hibernate ORM core version 5.6.15.Final
2023-07-20 10:01:36.942  INFO 2628 --- [    Test worker] o.hibernate.annotations.common.Version   : HCANN000001: Hibernate Commons Annotations {5.1.2.Final}
2023-07-20 10:01:37.183  INFO 2628 --- [    Test worker] com.zaxxer.hikari.HikariDataSource       : HikariPool-1 - Starting...
2023-07-20 10:01:37.647  INFO 2628 --- [    Test worker] com.zaxxer.hikari.HikariDataSource       : HikariPool-1 - Start completed.
2023-07-20 10:01:37.717  INFO 2628 --- [    Test worker] org.hibernate.dialect.Dialect            : HHH000400: Using dialect: org.hibernate.dialect.MySQL8Dialect
Hibernate: 
    
    alter table comment 
       drop 
       foreign key FK3eaxcdkggqifdjk2x1khd4j95
Hibernate: 
    
    alter table comment 
       drop 
       foreign key FK8kcum44fvpupyw6f5baccx25c
Hibernate: 
    
    alter table images 
       drop 
       foreign key FKceh0g6gfispb4ox89pi1m8mgr
Hibernate: 
    
    alter table share 
       drop 
       foreign key FKhwfan84wqm1mflkf4dp8wcic0
Hibernate: 
    
    alter table story 
       drop 
       foreign key FKk43b1ik7m5yoqa8n5c4lskla6
Hibernate: 
    
    alter table tale 
       drop 
       foreign key FKcb3thluj1nyoay139aftl698d
Hibernate: 
    
    drop table if exists comment
Hibernate: 
    
    drop table if exists hibernate_sequence
Hibernate: 
    
    drop table if exists images
Hibernate: 
    
    drop table if exists share
Hibernate: 
    
    drop table if exists story
Hibernate: 
    
    drop table if exists tale
Hibernate: 
    
    drop table if exists user
Hibernate: 
    
    create table comment (
       comment_id bigint not null,
        content varchar(255),
        share_share_id bigint,
        user_id bigint,
        primary key (comment_id)
    ) engine=InnoDB
Hibernate: 
    
    create table hibernate_sequence (
       next_val bigint
    ) engine=InnoDB
Hibernate: 
    
    insert into hibernate_sequence values ( 1 )
Hibernate: 
    
    create table images (
       image_id bigint not null,
        image_name varchar(255),
        sequence integer not null,
        tale_tale_id bigint,
        primary key (image_id)
    ) engine=InnoDB
Hibernate: 
    
    create table share (
       share_id bigint not null,
        content varchar(255),
        user_id bigint,
        primary key (share_id)
    ) engine=InnoDB
Hibernate: 
    
    create table story (
       story_id bigint not null,
        sequence integer not null,
        story varchar(255),
        tale_tale_id bigint,
        primary key (story_id)
    ) engine=InnoDB
Hibernate: 
    
    create table tale (
       tale_id bigint not null,
        user_id bigint,
        primary key (tale_id)
    ) engine=InnoDB
Hibernate: 
    
    create table user (
       id bigint not null auto_increment,
        name varchar(255),
        password varchar(255),
        role varchar(255),
        user_id varchar(255),
        primary key (id)
    ) engine=InnoDB
Hibernate: 
    
    alter table comment 
       add constraint FK3eaxcdkggqifdjk2x1khd4j95 
       foreign key (share_share_id) 
       references share (share_id)
Hibernate: 
    
    alter table comment 
       add constraint FK8kcum44fvpupyw6f5baccx25c 
       foreign key (user_id) 
       references user (id)
Hibernate: 
    
    alter table images 
       add constraint FKceh0g6gfispb4ox89pi1m8mgr 
       foreign key (tale_tale_id) 
       references tale (tale_id)
Hibernate: 
    
    alter table share 
       add constraint FKhwfan84wqm1mflkf4dp8wcic0 
       foreign key (user_id) 
       references user (id)
Hibernate: 
    
    alter table story 
       add constraint FKk43b1ik7m5yoqa8n5c4lskla6 
       foreign key (tale_tale_id) 
       references tale (tale_id)
Hibernate: 
    
    alter table tale 
       add constraint FKcb3thluj1nyoay139aftl698d 
       foreign key (user_id) 
       references user (id)
2023-07-20 10:01:39.240  INFO 2628 --- [    Test worker] o.h.e.t.j.p.i.JtaPlatformInitiator       : HHH000490: Using JtaPlatform implementation: [org.hibernate.engine.transaction.jta.platform.internal.NoJtaPlatform]
2023-07-20 10:01:39.255  INFO 2628 --- [    Test worker] j.LocalContainerEntityManagerFactoryBean : Initialized JPA EntityManagerFactory for persistence unit 'default'
2023-07-20 10:01:41.319  WARN 2628 --- [    Test worker] JpaBaseConfiguration$JpaWebConfiguration : spring.jpa.open-in-view is enabled by default. Therefore, database queries may be performed during view rendering. Explicitly configure spring.jpa.open-in-view to disable this warning
2023-07-20 10:01:42.137  INFO 2628 --- [    Test worker] o.s.s.web.DefaultSecurityFilterChain     : Will secure any request with [org.springframework.security.web.session.DisableEncodeUrlFilter@773ad729, org.springframework.security.web.context.request.async.WebAsyncManagerIntegrationFilter@20e8286a, org.springframework.security.web.context.SecurityContextPersistenceFilter@5b697993, org.springframework.security.web.header.HeaderWriterFilter@6b7ebac1, org.springframework.web.filter.CorsFilter@4d408746, com.kong.authtest.auth.JwtAuthenticationFilter@2e60d4f4, org.springframework.security.web.authentication.logout.LogoutFilter@2f0b5d79, org.springframework.security.web.savedrequest.RequestCacheAwareFilter@7d7888a5, org.springframework.security.web.servletapi.SecurityContextHolderAwareRequestFilter@6dcdc378, org.springframework.security.web.authentication.AnonymousAuthenticationFilter@6ae55678, org.springframework.security.web.session.SessionManagementFilter@5b977aaa, org.springframework.security.web.access.ExceptionTranslationFilter@4010f232, org.springframework.security.web.access.intercept.FilterSecurityInterceptor@1267f832]
2023-07-20 10:01:43.803  INFO 2628 --- [    Test worker] o.s.m.s.b.SimpleBrokerMessageHandler     : Starting...
2023-07-20 10:01:43.803  INFO 2628 --- [    Test worker] o.s.m.s.b.SimpleBrokerMessageHandler     : BrokerAvailabilityEvent[available=true, SimpleBrokerMessageHandler [org.springframework.messaging.simp.broker.DefaultSubscriptionRegistry@16ef07fa]]
2023-07-20 10:01:43.807  INFO 2628 --- [    Test worker] o.s.m.s.b.SimpleBrokerMessageHandler     : Started.
2023-07-20 10:01:43.817  INFO 2628 --- [    Test worker] c.k.a.chatting.service.ChatServiceTest   : Started ChatServiceTest in 10.382 seconds (JVM running for 12.403)
]]></system-out>
  <system-err><![CDATA[]]></system-err>
</testsuite>
